d:\project\cpro\basepro\x64\debug\vc143.pdb
d:\project\cpro\basepro\x64\debug\vc143.idb
d:\project\cpro\basepro\x64\debug\test08.obj
d:\project\cpro\basepro\x64\debug\test07_att.obj
d:\project\cpro\basepro\x64\debug\test07.obj
d:\project\cpro\basepro\x64\debug\test06.obj
d:\project\cpro\basepro\x64\debug\test05.obj
d:\project\cpro\basepro\x64\debug\test04.obj
d:\project\cpro\basepro\x64\debug\test03.obj
d:\project\cpro\basepro\x64\debug\test02.obj
d:\project\cpro\basepro\x64\debug\test01.obj
d:\project\cpro\basepro\x64\debug\helloword01.obj
d:\project\cpro\basepro\x64\debug\baseproc.ilk
d:\project\cpro\basepro\x64\debug\baseproc.exe
d:\project\cpro\basepro\x64\debug\baseproc.pdb
d:\project\cpro\basepro\x64\debug\basepro.ilk
d:\project\cpro\basepro\x64\debug\basepro.pdb
d:\project\cpro\basepro\x64\debug\baseproc.tlog\cl.command.1.tlog
d:\project\cpro\basepro\x64\debug\baseproc.tlog\cl.read.1.tlog
d:\project\cpro\basepro\x64\debug\baseproc.tlog\cl.write.1.tlog
d:\project\cpro\basepro\x64\debug\baseproc.tlog\link.command.1.tlog
d:\project\cpro\basepro\x64\debug\baseproc.tlog\link.read.1.tlog
d:\project\cpro\basepro\x64\debug\baseproc.tlog\link.write.1.tlog
